
CONNECTION ACQUIRED
connection acquired at: 2023-05-06 14:21:58
monitoring started at: 2023-05-06 14:21:58

CONNECTION NOT ACQUIRED

CONNECTION NOT ACQUIRED

CONNECTION NOT ACQUIRED

CONNECTION ACQUIRED
connection acquired at: 2023-05-06 10:12:21
monitoring started at: 2023-05-06 10:12:21
disconnected at: 2023-05-06 10:12:31
connected again: 2023-05-06 10:12:40
connection was unavailable for: 0:00:09
disconnected at: 2023-05-06 10:12:50
connected again: 2023-05-06 10:12:56
connection was unavailable for: 0:00:06
disconnected at: 2023-05-06 10:13:22
connected again: 2023-05-06 10:14:25
connection was unavailable for: 0:01:03
Stop!
Stop!
Stop!
Stop!
Stop!
Stop!
Stop!
Stop!
Stop!
Stop!
Stop!
Stop!
Stop!
Stop!
Stop!
Stop!
Stop!
Stop!
Stop!
Stop!
Stop!
Stop!
Stop!
Stop!
